
-------------------------------------------------------------------------------
Parsing project file - C:\Users\jerr0\Pictures\DISCORD EMOTES\ONESHOT\OneShot DD\project.xml
Mod Data Directory = C:/Users/jerr0/Pictures/DISCORD EMOTES/ONESHOT/OneShot DD/

-------------------------------------------------------------------------------
Processing Map Files files...

-------------------------------------------------------------------------------
Running Localization...
Parsing localization/messiah.string_table.xml

Building Languages
Exporting .loc2 files

-------------------------------------------------------------------------------
Searching for preview icon file C:/Users/jerr0/Pictures/DISCORD EMOTES/ONESHOT/OneShot DD/preview_icon.png...FOUND!
<UploadMode> - Set to direct_upload


-------------------------------------------------------------------------------
Modded files...

heroes/messiah/messiah_A/anim/messiah.sprite.afflicted.png
heroes/messiah/messiah_A/anim/messiah.sprite.attack_bow.png
heroes/messiah/messiah_A/anim/messiah.sprite.attack_dirk.png
heroes/messiah/messiah_A/anim/messiah.sprite.attack_lute.png
heroes/messiah/messiah_A/anim/messiah.sprite.attack_powerslide.png
heroes/messiah/messiah_A/anim/messiah.sprite.attack_sickle.png
heroes/messiah/messiah_A/anim/messiah.sprite.camp.png
heroes/messiah/messiah_A/anim/messiah.sprite.combat.png
heroes/messiah/messiah_A/anim/messiah.sprite.defend.png
heroes/messiah/messiah_A/anim/messiah.sprite.heroic.png
heroes/messiah/messiah_A/anim/messiah.sprite.idle.png
heroes/messiah/messiah_A/anim/messiah.sprite.investigate.png
heroes/messiah/messiah_A/anim/messiah.sprite.walk.png
heroes/messiah/anim/messiah.sprite.afflicted.atlas
heroes/messiah/anim/messiah.sprite.afflicted.png
heroes/messiah/anim/messiah.sprite.afflicted.skel
heroes/messiah/anim/messiah.sprite.attack_bow.atlas
heroes/messiah/anim/messiah.sprite.attack_bow.png
heroes/messiah/anim/messiah.sprite.attack_bow.skel
heroes/messiah/anim/messiah.sprite.attack_dirk.atlas
heroes/messiah/anim/messiah.sprite.attack_dirk.png
heroes/messiah/anim/messiah.sprite.attack_dirk.skel
heroes/messiah/anim/messiah.sprite.attack_lute.atlas
heroes/messiah/anim/messiah.sprite.attack_lute.png
heroes/messiah/anim/messiah.sprite.attack_lute.skel
heroes/messiah/anim/messiah.sprite.attack_powerslide.atlas
heroes/messiah/anim/messiah.sprite.attack_powerslide.png
heroes/messiah/anim/messiah.sprite.attack_powerslide.skel
heroes/messiah/anim/messiah.sprite.attack_sickle.atlas
heroes/messiah/anim/messiah.sprite.attack_sickle.png
heroes/messiah/anim/messiah.sprite.attack_sickle.skel
heroes/messiah/anim/messiah.sprite.camp.atlas
heroes/messiah/anim/messiah.sprite.camp.png
heroes/messiah/anim/messiah.sprite.camp.skel
heroes/messiah/anim/messiah.sprite.combat.atlas
heroes/messiah/anim/messiah.sprite.combat.png
heroes/messiah/anim/messiah.sprite.combat.skel
heroes/messiah/anim/messiah.sprite.defend.atlas
heroes/messiah/anim/messiah.sprite.defend.png
heroes/messiah/anim/messiah.sprite.defend.skel
heroes/messiah/anim/messiah.sprite.heroic.atlas
heroes/messiah/anim/messiah.sprite.heroic.png
heroes/messiah/anim/messiah.sprite.heroic.skel
heroes/messiah/anim/messiah.sprite.idle.atlas
heroes/messiah/anim/messiah.sprite.idle.png
heroes/messiah/anim/messiah.sprite.idle.skel
heroes/messiah/anim/messiah.sprite.investigate.atlas
heroes/messiah/anim/messiah.sprite.investigate.png
heroes/messiah/anim/messiah.sprite.investigate.skel
heroes/messiah/anim/messiah.sprite.walk.atlas
heroes/messiah/anim/messiah.sprite.walk.png
heroes/messiah/anim/messiah.sprite.walk.skel
heroes/messiah/fx/messiah.sprite.battle_ballad.atlas
heroes/messiah/fx/messiah.sprite.battle_ballad.png
heroes/messiah/fx/messiah.sprite.battle_ballad.skel
heroes/messiah/fx/messiah.sprite.battle_ballad_target.atlas
heroes/messiah/fx/messiah.sprite.battle_ballad_target.png
heroes/messiah/fx/messiah.sprite.battle_ballad_target.skel
heroes/messiah/fx/messiah.sprite.dirk_stab.atlas
heroes/messiah/fx/messiah.sprite.dirk_stab.png
heroes/messiah/fx/messiah.sprite.dirk_stab.skel
heroes/messiah/fx/messiah.sprite.finale.atlas
heroes/messiah/fx/messiah.sprite.finale.png
heroes/messiah/fx/messiah.sprite.finale.skel
heroes/messiah/fx/messiah.sprite.finale_target.atlas
heroes/messiah/fx/messiah.sprite.finale_target.png
heroes/messiah/fx/messiah.sprite.finale_target.skel
heroes/messiah/fx/messiah.sprite.harvest.atlas
heroes/messiah/fx/messiah.sprite.harvest.png
heroes/messiah/fx/messiah.sprite.harvest.skel
heroes/messiah/fx/messiah.sprite.inspiring_tune.atlas
heroes/messiah/fx/messiah.sprite.inspiring_tune.png
heroes/messiah/fx/messiah.sprite.inspiring_tune.skel
heroes/messiah/fx/messiah.sprite.slice_off.atlas
heroes/messiah/fx/messiah.sprite.slice_off.png
heroes/messiah/fx/messiah.sprite.slice_off.skel
heroes/messiah/fx/messiah.sprite.solo.atlas
heroes/messiah/fx/messiah.sprite.solo.png
heroes/messiah/fx/messiah.sprite.solo.skel
heroes/messiah/fx/messiah.sprite.solo_target.atlas
heroes/messiah/fx/messiah.sprite.solo_target.png
heroes/messiah/fx/messiah.sprite.solo_target.skel
heroes/messiah/icons_equip/eqp_armour_0.png
heroes/messiah/icons_equip/eqp_armour_1.png
heroes/messiah/icons_equip/eqp_armour_2.png
heroes/messiah/icons_equip/eqp_armour_3.png
heroes/messiah/icons_equip/eqp_armour_4.png
heroes/messiah/icons_equip/eqp_weapon_0.png
heroes/messiah/icons_equip/eqp_weapon_1.png
heroes/messiah/icons_equip/eqp_weapon_2.png
heroes/messiah/icons_equip/eqp_weapon_3.png
heroes/messiah/icons_equip/eqp_weapon_4.png
heroes/messiah/messiah_A/messiah_portrait_roster.png
panels/icons_equip/trinket/inv_trinket+messiah_battery_trinket.png
panels/icons_equip/trinket/inv_trinket+messiah_cc_trinket_1.png
panels/icons_equip/trinket/inv_trinket+messiah_cc_trinket_2.png
panels/icons_equip/trinket/inv_trinket+messiah_com_trinket.png
panels/icons_equip/trinket/inv_trinket+messiah_common_trinket.png
panels/icons_equip/trinket/inv_trinket+messiah_gasmask_trinket.png
panels/icons_equip/trinket/inv_trinket+messiah_phosphor_trinket.png
panels/icons_equip/trinket/inv_trinket+messiah_rare_trinket.png
panels/icons_equip/trinket/inv_trinket+messiah_uncommon_trinket.png
panels/icons_equip/trinket/rarity_comet.png
panels/icons_equip/trinket/rarity_crimson_court.png
raid/camping/skill_icons/camp_skill_mes_night_light.png
raid/camping/skill_icons/camp_skill_mes_on_little_cat_feet.png
raid/camping/skill_icons/camp_skill_mes_pancakes.png
raid/camping/skill_icons/camp_skill_mes_player_guidance.png
campaign/provision/messiah.provision.json
heroes/messiah/messiah.ability.five.png
heroes/messiah/messiah.ability.four.png
heroes/messiah/messiah.ability.one.png
heroes/messiah/messiah.ability.seven.png
heroes/messiah/messiah.ability.six.png
heroes/messiah/messiah.ability.three.png
heroes/messiah/messiah.ability.two.png
heroes/messiah/messiah.art.darkest
heroes/messiah/messiah.info.darkest
heroes/messiah/messiah_guild_header.png
raid/actor_dot/messiah.actor_dot.json
raid/camping/messiah.camping_skills.json
shared/buffs/messiah.buffs.json
shared/buffs/messiah_camping.buffs.json
shared/buffs/messiah_tooltips.buffs.json
shared/buffs/messiah_trinket.buffs.json
shared/party_name/messiah.party_name_library.json
shared/trait/messiah.trait_library.json
upgrades/heroes/messiah.upgrades.json
audio/messiah.campaign.guid_overrides.json
audio/messiah.campaign.load_order.json
effects/messiah.effects.darkest
effects/messiah_tooltips.effects.darkest
localization/3357121300_brazilian.loc2
localization/3357121300_czech.loc2
localization/3357121300_english.loc2
localization/3357121300_french.loc2
localization/3357121300_german.loc2
localization/3357121300_italian.loc2
localization/3357121300_japanese.loc2
localization/3357121300_koreana.loc2
localization/3357121300_koreanb.loc2
localization/3357121300_polish.loc2
localization/3357121300_russian.loc2
localization/3357121300_schinese.loc2
localization/3357121300_spanish.loc2
localization/3357121300_tchinese.loc2
localization/messiah.string_table.xml
trinkets/com.rarities.trinkets.json
trinkets/crimson_court.rarities.trinkets.json
trinkets/east_town.rarities.trinkets.json
trinkets/messiah.entries.trinkets.json
trinkets/messiah.sets.trinkets.json
preview_icon.png
project.xml

Submitting................................................................................Submitted.
Saving project file C:\Users\jerr0\Pictures\DISCORD EMOTES\ONESHOT\OneShot DD\project.xml

